2021-04-13 10:18:17,824:INFO:Model.Checkout:Client "<Model.Client.Client object at 0x000001F336074F08>"
Products "[<Model.Product.Product object at 0x000001F336084408>]"
        Quantity "[2]"
Total "31.8"
Discount "0.954"
Payable "30.846"
2021-04-13 10:22:21,435:INFO:Model.Checkout:Client "<Model.Client.Client object at 0x0000017429C44B08>"
Products "[<Model.Product.Product object at 0x0000017429C44308>]"
        Quantity "[2]"
Total "31.8"
Discount "0.954"
Payable "30.846"
2021-04-13 10:26:01,360:INFO:Model.Checkout:Client "robert.gray@email.com"
Products "['Hamburguer de Picanha']"
        Quantity "[2]"
Total "31.8"
Discount "0.954"
Payable "30.846"
2021-04-13 10:27:05,413:INFO:Model.Checkout:Client "robert.gray@email.com"
Products "['Hamburguer de Picanha', 'Hamburguer de Picanha', 'Hamburguer de Frango', 'Hamburguer Vegano', 'Pizza Calabresa']"
        Quantity "[2, 2, 2, 2, 3]"
Total "174.9"
Discount "17.490000000000002"
Payable "157.41"
