2021-04-13 09:31:55,570:DEBUG:Controller.CtrlClient:Arguments "('email', 'robert.gray@email.com')"
2021-04-13 09:33:33,310:DEBUG:Controller.CtrlClient:Arguments "('email', 'robert.gray@email.com')"
2021-04-13 09:34:28,947:DEBUG:Controller.CtrlClient:Arguments "(('email', 'robert.gray@email.com'),)"
2021-04-13 09:35:38,192:DEBUG:Controller.CtrlClient:Arguments "(('email', 'robert.gray@email.com'),)"
2021-04-13 09:38:30,326:DEBUG:Controller.CtrlClient:Arguments "('email', 'robert.gray@email.com')"
2021-04-13 09:38:30,329:DEBUG:Controller.CtrlClient:Return => Client "('Robert Gray', 500, 'robert.gray@email.com')" / Flag "True"
2021-04-13 09:41:20,909:DEBUG:Controller.CtrlClient:Arguments "('email', 'robert.gray@email.com')"
2021-04-13 09:41:20,912:DEBUG:Controller.CtrlClient:Return => Client "('Robert Gray', 500, 'robert.gray@email.com')" / Flag "True"
2021-04-13 09:43:00,962:DEBUG:Controller.CtrlClient:Arguments "('email', 'robert.gray@email.com')"
2021-04-13 09:43:00,965:DEBUG:Controller.CtrlClient:Return => Client "('Robert Gray', 500, 'robert.gray@email.com')" / Flag "True"
2021-04-13 09:45:15,654:DEBUG:Controller.CtrlClient:Arguments "('email', 'robert.gray@email.com')"
2021-04-13 09:45:15,657:DEBUG:Controller.CtrlClient:Return => Client "('Robert Gray', 500, 'robert.gray@email.com')" / Flag "True"
2021-04-13 09:46:20,186:DEBUG:Controller.CtrlClient:Arguments "('email', 'robert.gray@email.com')"
2021-04-13 09:46:20,189:DEBUG:Controller.CtrlClient:Return => Client "('Robert Gray', 500, 'robert.gray@email.com')" / Flag "True"
2021-04-13 09:48:39,824:DEBUG:Controller.CtrlClient:Arguments "('email', 'robert.gray@email.com')"
2021-04-13 09:48:39,827:DEBUG:Controller.CtrlClient:Return => Client "('Robert Gray', 500, 'robert.gray@email.com')" / Flag "True"
2021-04-13 09:52:45,103:DEBUG:Controller.CtrlClient:Arguments "('email', 'robert.gray@email.com')"
2021-04-13 09:52:45,106:DEBUG:Controller.CtrlClient:Return => Client "('Robert Gray', 500, 'robert.gray@email.com')" / Flag "True"
2021-04-13 09:54:42,478:DEBUG:Controller.CtrlClient:Arguments "('email', 'robert.gray@email.com')"
2021-04-13 09:54:42,482:DEBUG:Controller.CtrlClient:Return => Client "('Robert Gray', 500, 'robert.gray@email.com')" / Flag "True"
2021-04-13 09:56:56,000:DEBUG:Controller.CtrlClient:Arguments "('email', 'robert.gray@email.com')"
2021-04-13 09:56:56,004:DEBUG:Controller.CtrlClient:Return => Client "('Robert Gray', 500, 'robert.gray@email.com')" / Flag "True"
2021-04-13 09:59:11,044:DEBUG:Controller.CtrlClient:Arguments "('email', 'robert.gray@email.com')"
2021-04-13 09:59:11,047:DEBUG:Controller.CtrlClient:Return => Client "('Robert Gray', 500, 'robert.gray@email.com')" / Flag "True"
2021-04-13 10:00:36,534:DEBUG:Controller.CtrlClient:Arguments "('email', 'james.brown@email.com')"
2021-04-13 10:00:36,537:DEBUG:Controller.CtrlClient:Return => Client "('James Brown', 100, 'james.brown@email.com')" / Flag "True"
2021-04-13 10:01:39,914:DEBUG:Controller.CtrlClient:Arguments "('email', 'james.brown@email.com')"
2021-04-13 10:01:39,917:DEBUG:Controller.CtrlClient:Return===>Client "('James Brown', 100, 'james.brown@email.com')" / Flag "True"
2021-04-13 10:02:26,529:DEBUG:Controller.CtrlClient:Arguments "('email', 'james.brown@email.com')"
2021-04-13 10:02:26,532:DEBUG:Controller.CtrlClient:Return===>Client "('James Brown', 100, 'james.brown@email.com')" / Flag "True"
2021-04-13 10:08:53,409:DEBUG:Controller.CtrlClient:Arguments "('email', 'robert.gray@email.com')"
2021-04-13 10:08:53,412:DEBUG:Controller.CtrlClient:Return===>Client "('Robert Gray', 500, 'robert.gray@email.com')" / Flag "True"
2021-04-13 10:10:23,267:DEBUG:Controller.CtrlClient:Arguments "('email', 'robert.gray@email.com')"
2021-04-13 10:10:23,270:DEBUG:Controller.CtrlClient:Return===>Client "('Robert Gray', 500, 'robert.gray@email.com')" / Flag "True"
2021-04-13 10:10:23,271:DEBUG:Controller.CtrlClient:Client===>ObjClient "<Model.Client.Client object at 0x0000017D4BB13FC8>"
2021-04-13 10:10:51,242:DEBUG:Controller.CtrlClient:Arguments "('email', 'robert.gray@email.com')"
2021-04-13 10:10:51,245:DEBUG:Controller.CtrlClient:Return===>Client "('Robert Gray', 500, 'robert.gray@email.com')" / Flag "True"
2021-04-13 10:10:51,245:DEBUG:Controller.CtrlClient:Client===>ObjClient "<Model.Client.Client object at 0x0000022EDF574CC8>"
2021-04-13 10:13:52,270:DEBUG:Controller.CtrlClient:Arguments "('name', 'Robert Gray')"
2021-04-13 10:13:52,273:DEBUG:Controller.CtrlClient:Return===>Client "('Robert Gray', 500, 'robert.gray@email.com')" / Flag "True"
2021-04-13 10:13:52,273:DEBUG:Controller.CtrlClient:Client===>ObjClient "<Model.Client.Client object at 0x0000022EDF5A27C8>"
2021-04-13 10:18:17,821:DEBUG:Controller.CtrlClient:Arguments "('name', 'Robert Gray')"
2021-04-13 10:18:17,824:DEBUG:Controller.CtrlClient:Return===>Client "('Robert Gray', 500, 'robert.gray@email.com')" / Flag "True"
2021-04-13 10:18:17,824:DEBUG:Controller.CtrlClient:Client===>ObjClient "<Model.Client.Client object at 0x000001F336074F08>"
2021-04-13 10:22:21,431:DEBUG:Controller.CtrlClient:Arguments "('name', 'Robert Gray')"
2021-04-13 10:22:21,435:DEBUG:Controller.CtrlClient:Return===>Client "('Robert Gray', 500, 'robert.gray@email.com')" / Flag "True"
2021-04-13 10:22:21,435:DEBUG:Controller.CtrlClient:Client===>ObjClient "<Model.Client.Client object at 0x0000017429C44B08>"
2021-04-13 10:22:58,292:DEBUG:Controller.CtrlClient:Arguments "('name', 'Robert Gray')"
2021-04-13 10:22:58,295:DEBUG:Controller.CtrlClient:Return===>Client "('Robert Gray', 500, 'robert.gray@email.com')" / Flag "True"
2021-04-13 10:22:58,296:DEBUG:Controller.CtrlClient:Client===>ObjClient "<Model.Client.Client object at 0x0000017429C71D08>"
2021-04-13 10:25:29,504:DEBUG:Controller.CtrlClient:Arguments "('name', 'Robert Gray')"
2021-04-13 10:25:29,507:DEBUG:Controller.CtrlClient:Return===>Client "('Robert Gray', 500, 'robert.gray@email.com')" / Flag "True"
2021-04-13 10:25:29,508:DEBUG:Controller.CtrlClient:Client===>ObjClient "<Model.Client.Client object at 0x000001E031853B88>"
2021-04-13 10:25:40,334:DEBUG:Controller.CtrlClient:Arguments "('name', 'Robert Gray')"
2021-04-13 10:25:40,337:DEBUG:Controller.CtrlClient:Return===>Client "('Robert Gray', 500, 'robert.gray@email.com')" / Flag "True"
2021-04-13 10:25:40,337:DEBUG:Controller.CtrlClient:Client===>ObjClient "<Model.Client.Client object at 0x000001E031885548>"
2021-04-13 10:26:01,357:DEBUG:Controller.CtrlClient:Arguments "('name', 'Robert Gray')"
2021-04-13 10:26:01,359:DEBUG:Controller.CtrlClient:Return===>Client "('Robert Gray', 500, 'robert.gray@email.com')" / Flag "True"
2021-04-13 10:26:01,359:DEBUG:Controller.CtrlClient:Client===>ObjClient "<Model.Client.Client object at 0x000001E031894B48>"
2021-04-13 10:27:05,409:DEBUG:Controller.CtrlClient:Arguments "('name', 'Robert Gray')"
2021-04-13 10:27:05,413:DEBUG:Controller.CtrlClient:Return===>Client "('Robert Gray', 500, 'robert.gray@email.com')" / Flag "True"
2021-04-13 10:27:05,413:DEBUG:Controller.CtrlClient:Client===>ObjClient "<Model.Client.Client object at 0x00000213B183E988>"
2021-04-13 10:27:08,375:DEBUG:Controller.CtrlClient:Arguments "('name', 'Robert Gray')"
2021-04-13 10:27:08,378:DEBUG:Controller.CtrlClient:Return===>Client "('Robert Gray', 500, 'robert.gray@email.com')" / Flag "True"
2021-04-13 10:27:08,379:DEBUG:Controller.CtrlClient:Client===>ObjClient "<Model.Client.Client object at 0x00000213B184A848>"
2021-04-13 10:30:59,220:DEBUG:Controller.CtrlClient:Arguments "('name', 'Robert Gray')"
2021-04-13 10:30:59,223:DEBUG:Controller.CtrlClient:Return===>Client "('Robert Gray', 500, 'robert.gray@email.com')" / Flag "True"
2021-04-13 10:30:59,223:DEBUG:Controller.CtrlClient:Client===>ObjClient "<Model.Client.Client object at 0x00000213B1853708>"
2021-04-13 10:31:04,415:DEBUG:Controller.CtrlClient:Arguments "('name', 'Robert Gray')"
2021-04-13 10:31:04,418:DEBUG:Controller.CtrlClient:Return===>Client "('Robert Gray', 500, 'robert.gray@email.com')" / Flag "True"
2021-04-13 10:31:04,419:DEBUG:Controller.CtrlClient:Client===>ObjClient "<Model.Client.Client object at 0x00000213B1852CC8>"
2021-04-13 10:31:26,285:DEBUG:Controller.CtrlClient:Arguments "('name', 'Robert Gray')"
2021-04-13 10:31:26,288:DEBUG:Controller.CtrlClient:Return===>Client "('Robert Gray', 500, 'robert.gray@email.com')" / Flag "True"
2021-04-13 10:31:26,288:DEBUG:Controller.CtrlClient:Client===>ObjClient "<Model.Client.Client object at 0x0000018251094EC8>"
2021-04-13 10:31:32,414:DEBUG:Controller.CtrlClient:Arguments "('name', 'Robert Gray')"
2021-04-13 10:31:32,417:DEBUG:Controller.CtrlClient:Return===>Client "('Robert Gray', 500, 'robert.gray@email.com')" / Flag "True"
2021-04-13 10:31:32,417:DEBUG:Controller.CtrlClient:Client===>ObjClient "<Model.Client.Client object at 0x00000182510C6588>"
2021-04-13 11:36:18,346:DEBUG:Controller.CtrlClient:Arguments "('name', 'Robert Gray')"
2021-04-13 11:36:18,349:DEBUG:Controller.CtrlClient:Return===>Client "('Robert Gray', 500, 'robert.gray@email.com')" / Flag "True"
2021-04-13 11:36:18,350:DEBUG:Controller.CtrlClient:Client===>ObjClient "<Model.Client.Client object at 0x000001629D4EEE88>"
2021-04-13 11:42:20,105:DEBUG:Controller.CtrlClient:Arguments "('name', 'Robert Gray')"
2021-04-13 11:42:20,110:DEBUG:Controller.CtrlClient:Return===>Client "('Robert Gray', 500, 'robert.gray@email.com')" / Flag "True"
2021-04-13 11:42:20,110:DEBUG:Controller.CtrlClient:Client===>ObjClient "<Model.Client.Client object at 0x000001E910D04108>"
2021-04-13 11:42:40,191:DEBUG:Controller.CtrlClient:Arguments "('name', 'Robert Gray')"
2021-04-13 11:42:40,194:DEBUG:Controller.CtrlClient:Return===>Client "('Robert Gray', 500, 'robert.gray@email.com')" / Flag "True"
2021-04-13 11:42:40,194:DEBUG:Controller.CtrlClient:Client===>ObjClient "<Model.Client.Client object at 0x000001E910D2C848>"
