2021-04-13 09:23:16,759:INFO:Model.Product:Product "Hamburguer de Frango"
description "Mussum Ipsum, cacilds vidis litro abertis. Sapien in monti palavris qui num significa nadis i pareci latim. Detraxit consequat et quo num tendi nada. Manduma pindureta quium dia nois paga. Diuretics paradis num copo é motivis de denguis."
price "12.9"
2021-04-13 09:23:16,760:INFO:Model.Product:Product "Hamburguer de Picanha"
description "Mussum Ipsum, cacilds vidis litro abertis. Diuretics paradis num copo é motivis de denguis. Si u mundo tá muito paradis? Toma um mé que o mundo vai girarzis! Quem num gosta di mim que vai caçá sua turmis! Nec orci ornare consequat. Praesent lacinia ultrices consectetur. Sed non ipsum felis."
price "15.9"
2021-04-13 09:23:16,760:INFO:Model.Product:Product "Hamburguer Vegano"
description "Mussum Ipsum, cacilds vidis litro abertis. Detraxit consequat et quo num tendi nada. Quem manda na minha terra sou euzis! Leite de capivaris, leite de mula manquis sem cabeça. Interessantiss quisso pudia ce receita de bolis, mais bolis eu num gostis."
price "12.9"
2021-04-13 09:23:16,760:INFO:Model.Product:Product "Pizza Calabresa"
description "Mussum Ipsum, cacilds vidis litro abertis. Aenean aliquam molestie leo, vitae iaculis nisl. Si u mundo tá muito paradis? Toma um mé que o mundo vai girarzis! Viva Forevis aptent taciti sociosqu ad litora torquent. Vehicula non. Ut sed ex eros. Vivamus sit amet nibh non tellus tristique interdum."
price "19.9"
2021-04-13 09:23:16,760:INFO:Model.Product:Product "Pizza de Frango"
description "Mussum Ipsum, cacilds vidis litro abertis. Vehicula non. Ut sed ex eros. Vivamus sit amet nibh non tellus tristique interdum. Quem num gosta di mé, boa gentis num é. Praesent vel viverra nisi. Mauris aliquet nunc non turpis scelerisque, eget. Suco de cevadiss, é um leite divinis, qui tem lupuliz, matis, aguis e fermentis."
price "17.9"
2021-04-13 09:23:16,761:INFO:Model.Product:Product "Batata Frita"
description "Mussum Ipsum, cacilds vidis litro abertis. Nec orci ornare consequat. Praesent lacinia ultrices consectetur. Sed non ipsum felis. Pra lá , depois divoltis porris, paradis. Aenean aliquam molestie leo, vitae iaculis nisl. Si num tem leite então bota uma pinga aí cumpadi!"
price "9.9"
2021-04-13 09:23:16,761:INFO:Model.Product:Product "Refrigerante"
description "Mussum Ipsum, cacilds vidis litro abertis. Quem num gosta di mé, boa gentis num é. Praesent vel viverra nisi. Mauris aliquet nunc non turpis scelerisque, eget. Pra lá , depois divoltis porris, paradis. Copo furadis é disculpa de bebadis, arcu quam euismod magna."
price "4.9"
2021-04-13 10:04:11,321:INFO:Model.Product:Product "Hamburguer de Frango"
description "Mussum Ipsum, cacilds vidis litro abertis. Sapien in monti palavris qui num significa nadis i pareci latim. Detraxit consequat et quo num tendi nada. Manduma pindureta quium dia nois paga. Diuretics paradis num copo é motivis de denguis."
price "12.9"
2021-04-13 10:04:11,321:INFO:Model.Product:Product "Hamburguer de Picanha"
description "Mussum Ipsum, cacilds vidis litro abertis. Diuretics paradis num copo é motivis de denguis. Si u mundo tá muito paradis? Toma um mé que o mundo vai girarzis! Quem num gosta di mim que vai caçá sua turmis! Nec orci ornare consequat. Praesent lacinia ultrices consectetur. Sed non ipsum felis."
price "15.9"
2021-04-13 10:04:11,321:INFO:Model.Product:Product "Hamburguer Vegano"
description "Mussum Ipsum, cacilds vidis litro abertis. Detraxit consequat et quo num tendi nada. Quem manda na minha terra sou euzis! Leite de capivaris, leite de mula manquis sem cabeça. Interessantiss quisso pudia ce receita de bolis, mais bolis eu num gostis."
price "12.9"
2021-04-13 10:04:11,321:INFO:Model.Product:Product "Pizza Calabresa"
description "Mussum Ipsum, cacilds vidis litro abertis. Aenean aliquam molestie leo, vitae iaculis nisl. Si u mundo tá muito paradis? Toma um mé que o mundo vai girarzis! Viva Forevis aptent taciti sociosqu ad litora torquent. Vehicula non. Ut sed ex eros. Vivamus sit amet nibh non tellus tristique interdum."
price "19.9"
2021-04-13 10:04:11,322:INFO:Model.Product:Product "Pizza de Frango"
description "Mussum Ipsum, cacilds vidis litro abertis. Vehicula non. Ut sed ex eros. Vivamus sit amet nibh non tellus tristique interdum. Quem num gosta di mé, boa gentis num é. Praesent vel viverra nisi. Mauris aliquet nunc non turpis scelerisque, eget. Suco de cevadiss, é um leite divinis, qui tem lupuliz, matis, aguis e fermentis."
price "17.9"
2021-04-13 10:04:11,322:INFO:Model.Product:Product "Batata Frita"
description "Mussum Ipsum, cacilds vidis litro abertis. Nec orci ornare consequat. Praesent lacinia ultrices consectetur. Sed non ipsum felis. Pra lá , depois divoltis porris, paradis. Aenean aliquam molestie leo, vitae iaculis nisl. Si num tem leite então bota uma pinga aí cumpadi!"
price "9.9"
2021-04-13 10:04:11,322:INFO:Model.Product:Product "Refrigerante"
description "Mussum Ipsum, cacilds vidis litro abertis. Quem num gosta di mé, boa gentis num é. Praesent vel viverra nisi. Mauris aliquet nunc non turpis scelerisque, eget. Pra lá , depois divoltis porris, paradis. Copo furadis é disculpa de bebadis, arcu quam euismod magna."
price "4.9"
2021-04-13 10:10:51,260:INFO:Model.Product:Product "Hamburguer de Frango"
description "Mussum Ipsum, cacilds vidis litro abertis. Sapien in monti palavris qui num significa nadis i pareci latim. Detraxit consequat et quo num tendi nada. Manduma pindureta quium dia nois paga. Diuretics paradis num copo é motivis de denguis."
price "12.9"
2021-04-13 10:10:51,260:INFO:Model.Product:Product "Hamburguer de Picanha"
description "Mussum Ipsum, cacilds vidis litro abertis. Diuretics paradis num copo é motivis de denguis. Si u mundo tá muito paradis? Toma um mé que o mundo vai girarzis! Quem num gosta di mim que vai caçá sua turmis! Nec orci ornare consequat. Praesent lacinia ultrices consectetur. Sed non ipsum felis."
price "15.9"
2021-04-13 10:10:51,260:INFO:Model.Product:Product "Hamburguer Vegano"
description "Mussum Ipsum, cacilds vidis litro abertis. Detraxit consequat et quo num tendi nada. Quem manda na minha terra sou euzis! Leite de capivaris, leite de mula manquis sem cabeça. Interessantiss quisso pudia ce receita de bolis, mais bolis eu num gostis."
price "12.9"
2021-04-13 10:10:51,261:INFO:Model.Product:Product "Pizza Calabresa"
description "Mussum Ipsum, cacilds vidis litro abertis. Aenean aliquam molestie leo, vitae iaculis nisl. Si u mundo tá muito paradis? Toma um mé que o mundo vai girarzis! Viva Forevis aptent taciti sociosqu ad litora torquent. Vehicula non. Ut sed ex eros. Vivamus sit amet nibh non tellus tristique interdum."
price "19.9"
2021-04-13 10:10:51,261:INFO:Model.Product:Product "Pizza de Frango"
description "Mussum Ipsum, cacilds vidis litro abertis. Vehicula non. Ut sed ex eros. Vivamus sit amet nibh non tellus tristique interdum. Quem num gosta di mé, boa gentis num é. Praesent vel viverra nisi. Mauris aliquet nunc non turpis scelerisque, eget. Suco de cevadiss, é um leite divinis, qui tem lupuliz, matis, aguis e fermentis."
price "17.9"
2021-04-13 10:10:51,261:INFO:Model.Product:Product "Batata Frita"
description "Mussum Ipsum, cacilds vidis litro abertis. Nec orci ornare consequat. Praesent lacinia ultrices consectetur. Sed non ipsum felis. Pra lá , depois divoltis porris, paradis. Aenean aliquam molestie leo, vitae iaculis nisl. Si num tem leite então bota uma pinga aí cumpadi!"
price "9.9"
2021-04-13 10:10:51,261:INFO:Model.Product:Product "Refrigerante"
description "Mussum Ipsum, cacilds vidis litro abertis. Quem num gosta di mé, boa gentis num é. Praesent vel viverra nisi. Mauris aliquet nunc non turpis scelerisque, eget. Pra lá , depois divoltis porris, paradis. Copo furadis é disculpa de bebadis, arcu quam euismod magna."
price "4.9"
2021-04-13 10:13:52,270:INFO:Model.Product:Product "Hamburguer de Picanha"
description "Mussum Ipsum, cacilds vidis litro abertis. Diuretics paradis num copo é motivis de denguis. Si u mundo tá muito paradis? Toma um mé que o mundo vai girarzis! Quem num gosta di mim que vai caçá sua turmis! Nec orci ornare consequat. Praesent lacinia ultrices consectetur. Sed non ipsum felis."
price "15.9"
2021-04-13 10:18:08,014:INFO:Model.Product:Product "Hamburguer de Frango"
description "Mussum Ipsum, cacilds vidis litro abertis. Sapien in monti palavris qui num significa nadis i pareci latim. Detraxit consequat et quo num tendi nada. Manduma pindureta quium dia nois paga. Diuretics paradis num copo é motivis de denguis."
price "12.9"
2021-04-13 10:18:08,014:INFO:Model.Product:Product "Hamburguer de Picanha"
description "Mussum Ipsum, cacilds vidis litro abertis. Diuretics paradis num copo é motivis de denguis. Si u mundo tá muito paradis? Toma um mé que o mundo vai girarzis! Quem num gosta di mim que vai caçá sua turmis! Nec orci ornare consequat. Praesent lacinia ultrices consectetur. Sed non ipsum felis."
price "15.9"
2021-04-13 10:18:08,014:INFO:Model.Product:Product "Hamburguer Vegano"
description "Mussum Ipsum, cacilds vidis litro abertis. Detraxit consequat et quo num tendi nada. Quem manda na minha terra sou euzis! Leite de capivaris, leite de mula manquis sem cabeça. Interessantiss quisso pudia ce receita de bolis, mais bolis eu num gostis."
price "12.9"
2021-04-13 10:18:08,014:INFO:Model.Product:Product "Pizza Calabresa"
description "Mussum Ipsum, cacilds vidis litro abertis. Aenean aliquam molestie leo, vitae iaculis nisl. Si u mundo tá muito paradis? Toma um mé que o mundo vai girarzis! Viva Forevis aptent taciti sociosqu ad litora torquent. Vehicula non. Ut sed ex eros. Vivamus sit amet nibh non tellus tristique interdum."
price "19.9"
2021-04-13 10:18:08,015:INFO:Model.Product:Product "Pizza de Frango"
description "Mussum Ipsum, cacilds vidis litro abertis. Vehicula non. Ut sed ex eros. Vivamus sit amet nibh non tellus tristique interdum. Quem num gosta di mé, boa gentis num é. Praesent vel viverra nisi. Mauris aliquet nunc non turpis scelerisque, eget. Suco de cevadiss, é um leite divinis, qui tem lupuliz, matis, aguis e fermentis."
price "17.9"
2021-04-13 10:18:08,015:INFO:Model.Product:Product "Batata Frita"
description "Mussum Ipsum, cacilds vidis litro abertis. Nec orci ornare consequat. Praesent lacinia ultrices consectetur. Sed non ipsum felis. Pra lá , depois divoltis porris, paradis. Aenean aliquam molestie leo, vitae iaculis nisl. Si num tem leite então bota uma pinga aí cumpadi!"
price "9.9"
2021-04-13 10:18:08,015:INFO:Model.Product:Product "Refrigerante"
description "Mussum Ipsum, cacilds vidis litro abertis. Quem num gosta di mé, boa gentis num é. Praesent vel viverra nisi. Mauris aliquet nunc non turpis scelerisque, eget. Pra lá , depois divoltis porris, paradis. Copo furadis é disculpa de bebadis, arcu quam euismod magna."
price "4.9"
2021-04-13 10:18:17,821:INFO:Model.Product:Product "Hamburguer de Picanha"
description "Mussum Ipsum, cacilds vidis litro abertis. Diuretics paradis num copo é motivis de denguis. Si u mundo tá muito paradis? Toma um mé que o mundo vai girarzis! Quem num gosta di mim que vai caçá sua turmis! Nec orci ornare consequat. Praesent lacinia ultrices consectetur. Sed non ipsum felis."
price "15.9"
2021-04-13 10:22:21,431:INFO:Model.Product:Product "Hamburguer de Picanha"
description "Mussum Ipsum, cacilds vidis litro abertis. Diuretics paradis num copo é motivis de denguis. Si u mundo tá muito paradis? Toma um mé que o mundo vai girarzis! Quem num gosta di mim que vai caçá sua turmis! Nec orci ornare consequat. Praesent lacinia ultrices consectetur. Sed non ipsum felis."
price "15.9"
2021-04-13 10:22:58,298:INFO:Model.Product:Product "Hamburguer de Picanha"
description "Mussum Ipsum, cacilds vidis litro abertis. Diuretics paradis num copo é motivis de denguis. Si u mundo tá muito paradis? Toma um mé que o mundo vai girarzis! Quem num gosta di mim que vai caçá sua turmis! Nec orci ornare consequat. Praesent lacinia ultrices consectetur. Sed non ipsum felis."
price "15.9"
2021-04-13 10:25:29,510:INFO:Model.Product:Product "Hamburguer de Picanha"
description "Mussum Ipsum, cacilds vidis litro abertis. Diuretics paradis num copo é motivis de denguis. Si u mundo tá muito paradis? Toma um mé que o mundo vai girarzis! Quem num gosta di mim que vai caçá sua turmis! Nec orci ornare consequat. Praesent lacinia ultrices consectetur. Sed non ipsum felis."
price "15.9"
2021-04-13 10:25:40,340:INFO:Model.Product:Product "Hamburguer de Picanha"
description "Mussum Ipsum, cacilds vidis litro abertis. Diuretics paradis num copo é motivis de denguis. Si u mundo tá muito paradis? Toma um mé que o mundo vai girarzis! Quem num gosta di mim que vai caçá sua turmis! Nec orci ornare consequat. Praesent lacinia ultrices consectetur. Sed non ipsum felis."
price "15.9"
2021-04-13 10:25:57,514:INFO:Model.Product:Product "Hamburguer de Frango"
description "Mussum Ipsum, cacilds vidis litro abertis. Sapien in monti palavris qui num significa nadis i pareci latim. Detraxit consequat et quo num tendi nada. Manduma pindureta quium dia nois paga. Diuretics paradis num copo é motivis de denguis."
price "12.9"
2021-04-13 10:25:57,514:INFO:Model.Product:Product "Hamburguer de Picanha"
description "Mussum Ipsum, cacilds vidis litro abertis. Diuretics paradis num copo é motivis de denguis. Si u mundo tá muito paradis? Toma um mé que o mundo vai girarzis! Quem num gosta di mim que vai caçá sua turmis! Nec orci ornare consequat. Praesent lacinia ultrices consectetur. Sed non ipsum felis."
price "15.9"
2021-04-13 10:25:57,514:INFO:Model.Product:Product "Hamburguer Vegano"
description "Mussum Ipsum, cacilds vidis litro abertis. Detraxit consequat et quo num tendi nada. Quem manda na minha terra sou euzis! Leite de capivaris, leite de mula manquis sem cabeça. Interessantiss quisso pudia ce receita de bolis, mais bolis eu num gostis."
price "12.9"
2021-04-13 10:25:57,514:INFO:Model.Product:Product "Pizza Calabresa"
description "Mussum Ipsum, cacilds vidis litro abertis. Aenean aliquam molestie leo, vitae iaculis nisl. Si u mundo tá muito paradis? Toma um mé que o mundo vai girarzis! Viva Forevis aptent taciti sociosqu ad litora torquent. Vehicula non. Ut sed ex eros. Vivamus sit amet nibh non tellus tristique interdum."
price "19.9"
2021-04-13 10:25:57,514:INFO:Model.Product:Product "Pizza de Frango"
description "Mussum Ipsum, cacilds vidis litro abertis. Vehicula non. Ut sed ex eros. Vivamus sit amet nibh non tellus tristique interdum. Quem num gosta di mé, boa gentis num é. Praesent vel viverra nisi. Mauris aliquet nunc non turpis scelerisque, eget. Suco de cevadiss, é um leite divinis, qui tem lupuliz, matis, aguis e fermentis."
price "17.9"
2021-04-13 10:25:57,514:INFO:Model.Product:Product "Batata Frita"
description "Mussum Ipsum, cacilds vidis litro abertis. Nec orci ornare consequat. Praesent lacinia ultrices consectetur. Sed non ipsum felis. Pra lá , depois divoltis porris, paradis. Aenean aliquam molestie leo, vitae iaculis nisl. Si num tem leite então bota uma pinga aí cumpadi!"
price "9.9"
2021-04-13 10:25:57,514:INFO:Model.Product:Product "Refrigerante"
description "Mussum Ipsum, cacilds vidis litro abertis. Quem num gosta di mé, boa gentis num é. Praesent vel viverra nisi. Mauris aliquet nunc non turpis scelerisque, eget. Pra lá , depois divoltis porris, paradis. Copo furadis é disculpa de bebadis, arcu quam euismod magna."
price "4.9"
2021-04-13 10:26:01,356:INFO:Model.Product:Product "Hamburguer de Picanha"
description "Mussum Ipsum, cacilds vidis litro abertis. Diuretics paradis num copo é motivis de denguis. Si u mundo tá muito paradis? Toma um mé que o mundo vai girarzis! Quem num gosta di mim que vai caçá sua turmis! Nec orci ornare consequat. Praesent lacinia ultrices consectetur. Sed non ipsum felis."
price "15.9"
2021-04-13 10:26:48,889:INFO:Model.Product:Product "Hamburguer de Frango"
description "Mussum Ipsum, cacilds vidis litro abertis. Sapien in monti palavris qui num significa nadis i pareci latim. Detraxit consequat et quo num tendi nada. Manduma pindureta quium dia nois paga. Diuretics paradis num copo é motivis de denguis."
price "12.9"
2021-04-13 10:26:48,890:INFO:Model.Product:Product "Hamburguer de Picanha"
description "Mussum Ipsum, cacilds vidis litro abertis. Diuretics paradis num copo é motivis de denguis. Si u mundo tá muito paradis? Toma um mé que o mundo vai girarzis! Quem num gosta di mim que vai caçá sua turmis! Nec orci ornare consequat. Praesent lacinia ultrices consectetur. Sed non ipsum felis."
price "15.9"
2021-04-13 10:26:48,890:INFO:Model.Product:Product "Hamburguer Vegano"
description "Mussum Ipsum, cacilds vidis litro abertis. Detraxit consequat et quo num tendi nada. Quem manda na minha terra sou euzis! Leite de capivaris, leite de mula manquis sem cabeça. Interessantiss quisso pudia ce receita de bolis, mais bolis eu num gostis."
price "12.9"
2021-04-13 10:26:48,890:INFO:Model.Product:Product "Pizza Calabresa"
description "Mussum Ipsum, cacilds vidis litro abertis. Aenean aliquam molestie leo, vitae iaculis nisl. Si u mundo tá muito paradis? Toma um mé que o mundo vai girarzis! Viva Forevis aptent taciti sociosqu ad litora torquent. Vehicula non. Ut sed ex eros. Vivamus sit amet nibh non tellus tristique interdum."
price "19.9"
2021-04-13 10:26:48,890:INFO:Model.Product:Product "Pizza de Frango"
description "Mussum Ipsum, cacilds vidis litro abertis. Vehicula non. Ut sed ex eros. Vivamus sit amet nibh non tellus tristique interdum. Quem num gosta di mé, boa gentis num é. Praesent vel viverra nisi. Mauris aliquet nunc non turpis scelerisque, eget. Suco de cevadiss, é um leite divinis, qui tem lupuliz, matis, aguis e fermentis."
price "17.9"
2021-04-13 10:26:48,890:INFO:Model.Product:Product "Batata Frita"
description "Mussum Ipsum, cacilds vidis litro abertis. Nec orci ornare consequat. Praesent lacinia ultrices consectetur. Sed non ipsum felis. Pra lá , depois divoltis porris, paradis. Aenean aliquam molestie leo, vitae iaculis nisl. Si num tem leite então bota uma pinga aí cumpadi!"
price "9.9"
2021-04-13 10:26:48,890:INFO:Model.Product:Product "Refrigerante"
description "Mussum Ipsum, cacilds vidis litro abertis. Quem num gosta di mé, boa gentis num é. Praesent vel viverra nisi. Mauris aliquet nunc non turpis scelerisque, eget. Pra lá , depois divoltis porris, paradis. Copo furadis é disculpa de bebadis, arcu quam euismod magna."
price "4.9"
2021-04-13 10:27:05,398:INFO:Model.Product:Product "Hamburguer de Picanha"
description "Mussum Ipsum, cacilds vidis litro abertis. Diuretics paradis num copo é motivis de denguis. Si u mundo tá muito paradis? Toma um mé que o mundo vai girarzis! Quem num gosta di mim que vai caçá sua turmis! Nec orci ornare consequat. Praesent lacinia ultrices consectetur. Sed non ipsum felis."
price "15.9"
2021-04-13 10:27:05,401:INFO:Model.Product:Product "Hamburguer de Picanha"
description "Mussum Ipsum, cacilds vidis litro abertis. Diuretics paradis num copo é motivis de denguis. Si u mundo tá muito paradis? Toma um mé que o mundo vai girarzis! Quem num gosta di mim que vai caçá sua turmis! Nec orci ornare consequat. Praesent lacinia ultrices consectetur. Sed non ipsum felis."
price "15.9"
2021-04-13 10:27:05,403:INFO:Model.Product:Product "Hamburguer de Frango"
description "Mussum Ipsum, cacilds vidis litro abertis. Sapien in monti palavris qui num significa nadis i pareci latim. Detraxit consequat et quo num tendi nada. Manduma pindureta quium dia nois paga. Diuretics paradis num copo é motivis de denguis."
price "12.9"
2021-04-13 10:27:05,406:INFO:Model.Product:Product "Hamburguer Vegano"
description "Mussum Ipsum, cacilds vidis litro abertis. Detraxit consequat et quo num tendi nada. Quem manda na minha terra sou euzis! Leite de capivaris, leite de mula manquis sem cabeça. Interessantiss quisso pudia ce receita de bolis, mais bolis eu num gostis."
price "12.9"
2021-04-13 10:27:05,409:INFO:Model.Product:Product "Pizza Calabresa"
description "Mussum Ipsum, cacilds vidis litro abertis. Aenean aliquam molestie leo, vitae iaculis nisl. Si u mundo tá muito paradis? Toma um mé que o mundo vai girarzis! Viva Forevis aptent taciti sociosqu ad litora torquent. Vehicula non. Ut sed ex eros. Vivamus sit amet nibh non tellus tristique interdum."
price "19.9"
2021-04-13 10:27:08,381:INFO:Model.Product:Product "Hamburguer de Picanha"
description "Mussum Ipsum, cacilds vidis litro abertis. Diuretics paradis num copo é motivis de denguis. Si u mundo tá muito paradis? Toma um mé que o mundo vai girarzis! Quem num gosta di mim que vai caçá sua turmis! Nec orci ornare consequat. Praesent lacinia ultrices consectetur. Sed non ipsum felis."
price "15.9"
2021-04-13 10:27:08,384:INFO:Model.Product:Product "Hamburguer de Picanha"
description "Mussum Ipsum, cacilds vidis litro abertis. Diuretics paradis num copo é motivis de denguis. Si u mundo tá muito paradis? Toma um mé que o mundo vai girarzis! Quem num gosta di mim que vai caçá sua turmis! Nec orci ornare consequat. Praesent lacinia ultrices consectetur. Sed non ipsum felis."
price "15.9"
2021-04-13 10:27:08,387:INFO:Model.Product:Product "Hamburguer de Frango"
description "Mussum Ipsum, cacilds vidis litro abertis. Sapien in monti palavris qui num significa nadis i pareci latim. Detraxit consequat et quo num tendi nada. Manduma pindureta quium dia nois paga. Diuretics paradis num copo é motivis de denguis."
price "12.9"
2021-04-13 10:27:08,390:INFO:Model.Product:Product "Hamburguer Vegano"
description "Mussum Ipsum, cacilds vidis litro abertis. Detraxit consequat et quo num tendi nada. Quem manda na minha terra sou euzis! Leite de capivaris, leite de mula manquis sem cabeça. Interessantiss quisso pudia ce receita de bolis, mais bolis eu num gostis."
price "12.9"
2021-04-13 10:27:08,392:INFO:Model.Product:Product "Pizza Calabresa"
description "Mussum Ipsum, cacilds vidis litro abertis. Aenean aliquam molestie leo, vitae iaculis nisl. Si u mundo tá muito paradis? Toma um mé que o mundo vai girarzis! Viva Forevis aptent taciti sociosqu ad litora torquent. Vehicula non. Ut sed ex eros. Vivamus sit amet nibh non tellus tristique interdum."
price "19.9"
