2021-04-13 10:22:58,299:INFO:Model.Sale:Client "<Model.Client.Client object at 0x0000017429C71D08>"
Products "[<Model.Product.Product object at 0x0000017429C71488>]"
        Quantity "[2]"
Total "31.8"
Discount "0.954"
Payable "30.846"
2021-04-13 10:25:29,511:INFO:Model.Sale:Client "<Model.Client.Client object at 0x000001E031853B88>"
Products "[<Model.Product.Product object at 0x000001E0318532C8>]"
        Quantity "[2]"
Total "31.8"
Discount "0.954"
Payable "30.846"
2021-04-13 10:25:40,340:INFO:Model.Sale:Client "<Model.Client.Client object at 0x000001E031885548>"
Products "[<Model.Product.Product object at 0x000001E031881108>]"
        Quantity "[2]"
Total "31.8"
Discount "0.954"
Payable "30.846"
2021-04-13 10:27:08,393:INFO:Model.Sale:Client "robert.gray@email.com"
Products "['Hamburguer de Picanha', 'Hamburguer de Picanha', 'Hamburguer de Frango', 'Hamburguer Vegano', 'Pizza Calabresa']"
        Quantity "[2, 2, 2, 2, 3]"
Total "174.9"
Discount "17.490000000000002"
Payable "157.41"
