2021-04-13 09:28:02,261:DEBUG:View.ViewClient:Arguments "('email', 'robert.gray@email.com')"
2021-04-13 09:31:18,668:DEBUG:View.ViewClient:Arguments "('email', 'robert.gray@email.com')"
2021-04-13 09:31:55,570:DEBUG:View.ViewClient:Arguments "('email', 'robert.gray@email.com')"
2021-04-13 09:33:33,310:DEBUG:View.ViewClient:Arguments "('email', 'robert.gray@email.com')"
2021-04-13 09:34:28,947:DEBUG:View.ViewClient:Arguments "('email', 'robert.gray@email.com')"
2021-04-13 09:35:38,192:DEBUG:View.ViewClient:Arguments "('email', 'robert.gray@email.com')"
2021-04-13 09:38:30,326:DEBUG:View.ViewClient:Arguments "('email', 'robert.gray@email.com')"
2021-04-13 09:41:20,908:DEBUG:View.ViewClient:Arguments "('email', 'robert.gray@email.com')"
2021-04-13 09:43:00,961:DEBUG:View.ViewClient:Arguments "('email', 'robert.gray@email.com')"
2021-04-13 09:45:15,654:DEBUG:View.ViewClient:Arguments "('email', 'robert.gray@email.com')"
2021-04-13 09:45:15,657:DEBUG:View.ViewClient:Client "True"
2021-04-13 09:46:20,186:DEBUG:View.ViewClient:Arguments "('email', 'robert.gray@email.com')"
2021-04-13 09:46:20,190:DEBUG:View.ViewClient:Client "True"
2021-04-13 09:48:39,824:DEBUG:View.ViewClient:Arguments "('email', 'robert.gray@email.com')"
2021-04-13 09:48:39,827:DEBUG:View.ViewClient:Client "True"
2021-04-13 09:52:45,103:DEBUG:View.ViewClient:Arguments "('email', 'robert.gray@email.com')"
2021-04-13 09:52:45,106:DEBUG:View.ViewClient:Client "True"
2021-04-13 09:54:42,478:DEBUG:View.ViewClient:Arguments "('email', 'robert.gray@email.com')"
2021-04-13 09:54:42,482:DEBUG:View.ViewClient:Client "True"
2021-04-13 09:56:56,000:DEBUG:View.ViewClient:Arguments "('email', 'robert.gray@email.com')"
2021-04-13 09:56:56,004:DEBUG:View.ViewClient:Client "True"
2021-04-13 09:59:11,043:DEBUG:View.ViewClient:Arguments "('email', 'robert.gray@email.com')"
2021-04-13 09:59:11,047:DEBUG:View.ViewClient:Client "True"
2021-04-13 10:00:36,534:DEBUG:View.ViewClient:Arguments "('email', 'james.brown@email.com')"
2021-04-13 10:00:36,538:DEBUG:View.ViewClient:Client "True"
2021-04-13 10:01:39,914:DEBUG:View.ViewClient:Arguments "('email', 'james.brown@email.com')"
2021-04-13 10:01:39,917:DEBUG:View.ViewClient:Client "True"
2021-04-13 10:02:26,529:DEBUG:View.ViewClient:Arguments "('email', 'james.brown@email.com')"
2021-04-13 10:02:26,532:DEBUG:View.ViewClient:Client==>"True"
2021-04-13 10:08:53,409:DEBUG:View.ViewClient:Arguments "('email', 'robert.gray@email.com')"
2021-04-13 10:08:53,413:DEBUG:View.ViewClient:Client==>"True"
2021-04-13 10:10:23,267:DEBUG:View.ViewClient:Arguments "('email', 'robert.gray@email.com')"
2021-04-13 10:10:23,271:DEBUG:View.ViewClient:Client==>"(True, <Model.Client.Client object at 0x0000017D4BB13FC8>)"
2021-04-13 10:10:51,242:DEBUG:View.ViewClient:Arguments "('email', 'robert.gray@email.com')"
2021-04-13 10:10:51,245:DEBUG:View.ViewClient:Client==>"<Model.Client.Client object at 0x0000022EDF574CC8>"
